<?xml version="1.0" encoding="UTF-8"?>
<!-- Generated by org.testng.reporters.JUnitReportReporter -->
<testsuite hostname="DESKTOP-C49BVRJ" failures="0" tests="1" name="TestPack.ImdbTest" time="22.703" errors="0" timestamp="2022-12-31T10:41:34 IST" skipped="0">
  <testcase classname="TestPack.ImdbTest" name="Imdb" time="22.703"/>
  <system-out/>
</testsuite> <!-- TestPack.ImdbTest -->
