<?xml version="1.0" encoding="UTF-8"?>
<!-- Generated by org.testng.reporters.JUnitReportReporter -->
<testsuite hostname="DESKTOP-C49BVRJ" failures="0" tests="1" name="TestPack.Verification" time="0.613" errors="0" timestamp="2022-12-31T10:41:34 IST" skipped="0">
  <testcase classname="TestPack.Verification" name="compreData" time="0.613"/>
  <system-out/>
</testsuite> <!-- TestPack.Verification -->
