<?xml version="1.0" encoding="UTF-8"?>
<!-- Generated by org.testng.reporters.JUnitReportReporter -->
<testsuite hostname="DESKTOP-C49BVRJ" failures="0" tests="1" name="TestPack.WikiTest" time="5.039" errors="0" timestamp="2022-12-31T10:41:34 IST" skipped="0">
  <testcase classname="TestPack.WikiTest" name="wikiTest01" time="5.039"/>
  <system-out/>
</testsuite> <!-- TestPack.WikiTest -->
